# JRE version: OpenJDK Runtime Environment Temurin-17.0.5+8 (17.0.5+8) (build 17.0.5+8)
# Java VM: OpenJDK 64-Bit Server VM Temurin-17.0.5+8 (17.0.5+8, mixed mode, tiered, compressed oops, compressed class ptrs, parallel gc, windows-amd64)
GC Precious Log:
 CPUs: 8 total, 8 available
 Memory: 7112M
 Large Page Support: Disabled
 NUMA Support: Disabled
 Compressed Oops: Enabled (32-bit)
 Alignments: Space 512K, Generation 512K, Heap 2M
 Heap Min Capacity: 100M
 Heap Initial Capacity: 100M
 Heap Max Capacity: 1G
 Pre-touch: Disabled
 Parallel Workers: 8
Heap:
 PSYoungGen      total 18944K, used 14202K [0x00000000eab00000, 0x00000000ec180000, 0x0000000100000000)
  eden space 17408K, 74% used [0x00000000eab00000,0x00000000eb79f2f8,0x00000000ebc00000)
  from space 1536K, 83% used [0x00000000ec000000,0x00000000ec13f7d8,0x00000000ec180000)
  to   space 2560K, 0% used [0x00000000ebc80000,0x00000000ebc80000,0x00000000ebf00000)
 ParOldGen       total 68608K, used 43690K [0x00000000c0000000, 0x00000000c4300000, 0x00000000eab00000)
  object space 68608K, 63% used [0x00000000c0000000,0x00000000c2aaa928,0x00000000c4300000)
 Metaspace       used 65409K, committed 66432K, reserved 1114112K
  class space    used 6914K, committed 7360K, reserved 1048576K
GC Heap History (20 events):
Event: 36.753 GC heap before
{Heap before GC invocations=26 (full 2):
 PSYoungGen      total 19968K, used 19637K [0x00000000eab00000, 0x00000000ec000000, 0x0000000100000000)
  eden space 18944K, 99% used [0x00000000eab00000,0x00000000ebd7fff0,0x00000000ebd80000)
  from space 1024K, 67% used [0x00000000ebe00000,0x00000000ebead668,0x00000000ebf00000)
  to   space 1024K, 0% used [0x00000000ebf00000,0x00000000ebf00000,0x00000000ec000000)
 ParOldGen       total 68608K, used 32275K [0x00000000c0000000, 0x00000000c4300000, 0x00000000eab00000)
  object space 68608K, 47% used [0x00000000c0000000,0x00000000c1f84de8,0x00000000c4300000)
 Metaspace       used 55743K, committed 56512K, reserved 1105920K
  class space    used 5983K, committed 6336K, reserved 1048576K
}
Event: 36.759 GC heap after
{Heap after GC invocations=26 (full 2):
 PSYoungGen      total 19968K, used 656K [0x00000000eab00000, 0x00000000ec000000, 0x0000000100000000)
  eden space 18944K, 0% used [0x00000000eab00000,0x00000000eab00000,0x00000000ebd80000)
  from space 1024K, 64% used [0x00000000ebf00000,0x00000000ebfa4010,0x00000000ec000000)
  to   space 1024K, 0% used [0x00000000ebe00000,0x00000000ebe00000,0x00000000ebf00000)
 ParOldGen       total 68608K, used 32721K [0x00000000c0000000, 0x00000000c4300000, 0x00000000eab00000)
  object space 68608K, 47% used [0x00000000c0000000,0x00000000c1ff4450,0x00000000c4300000)
 Metaspace       used 55743K, committed 56512K, reserved 1105920K
  class space    used 5983K, committed 6336K, reserved 1048576K
}
Event: 39.066 GC heap before
{Heap before GC invocations=27 (full 2):
 PSYoungGen      total 19968K, used 19600K [0x00000000eab00000, 0x00000000ec000000, 0x0000000100000000)
  eden space 18944K, 100% used [0x00000000eab00000,0x00000000ebd80000,0x00000000ebd80000)
  from space 1024K, 64% used [0x00000000ebf00000,0x00000000ebfa4010,0x00000000ec000000)
  to   space 1024K, 0% used [0x00000000ebe00000,0x00000000ebe00000,0x00000000ebf00000)
 ParOldGen       total 68608K, used 32721K [0x00000000c0000000, 0x00000000c4300000, 0x00000000eab00000)
  object space 68608K, 47% used [0x00000000c0000000,0x00000000c1ff4450,0x00000000c4300000)
 Metaspace       used 57579K, committed 58432K, reserved 1105920K
  class space    used 6153K, committed 6528K, reserved 1048576K
}
Event: 39.070 GC heap after
{Heap after GC invocations=27 (full 2):
 PSYoungGen      total 19968K, used 608K [0x00000000eab00000, 0x00000000ebf80000, 0x0000000100000000)
  eden space 18944K, 0% used [0x00000000eab00000,0x00000000eab00000,0x00000000ebd80000)
  from space 1024K, 59% used [0x00000000ebe00000,0x00000000ebe98020,0x00000000ebf00000)
  to   space 512K, 0% used [0x00000000ebf00000,0x00000000ebf00000,0x00000000ebf80000)
 ParOldGen       total 68608K, used 33238K [0x00000000c0000000, 0x00000000c4300000, 0x00000000eab00000)
  object space 68608K, 48% used [0x00000000c0000000,0x00000000c20759b0,0x00000000c4300000)
 Metaspace       used 57579K, committed 58432K, reserved 1105920K
  class space    used 6153K, committed 6528K, reserved 1048576K
}
Event: 41.134 GC heap before
{Heap before GC invocations=28 (full 2):
 PSYoungGen      total 19968K, used 16130K [0x00000000eab00000, 0x00000000ebf80000, 0x0000000100000000)
  eden space 18944K, 81% used [0x00000000eab00000,0x00000000eba28a38,0x00000000ebd80000)
  from space 1024K, 59% used [0x00000000ebe00000,0x00000000ebe98020,0x00000000ebf00000)
  to   space 512K, 0% used [0x00000000ebf00000,0x00000000ebf00000,0x00000000ebf80000)
 ParOldGen       total 68608K, used 33238K [0x00000000c0000000, 0x00000000c4300000, 0x00000000eab00000)
  object space 68608K, 48% used [0x00000000c0000000,0x00000000c20759b0,0x00000000c4300000)
 Metaspace       used 58945K, committed 59776K, reserved 1105920K
  class space    used 6297K, committed 6720K, reserved 1048576K
}
Event: 41.140 GC heap after
{Heap after GC invocations=28 (full 2):
 PSYoungGen      total 17920K, used 511K [0x00000000eab00000, 0x00000000ec380000, 0x0000000100000000)
  eden space 17408K, 0% used [0x00000000eab00000,0x00000000eab00000,0x00000000ebc00000)
  from space 512K, 99% used [0x00000000ebf00000,0x00000000ebf7fe70,0x00000000ebf80000)
  to   space 3072K, 0% used [0x00000000ebc00000,0x00000000ebc00000,0x00000000ebf00000)
 ParOldGen       total 68608K, used 35059K [0x00000000c0000000, 0x00000000c4300000, 0x00000000eab00000)
  object space 68608K, 51% used [0x00000000c0000000,0x00000000c223ccf8,0x00000000c4300000)
 Metaspace       used 58945K, committed 59776K, reserved 1105920K
  class space    used 6297K, committed 6720K, reserved 1048576K
}
Event: 41.140 GC heap before
{Heap before GC invocations=29 (full 3):
 PSYoungGen      total 17920K, used 511K [0x00000000eab00000, 0x00000000ec380000, 0x0000000100000000)
  eden space 17408K, 0% used [0x00000000eab00000,0x00000000eab00000,0x00000000ebc00000)
  from space 512K, 99% used [0x00000000ebf00000,0x00000000ebf7fe70,0x00000000ebf80000)
  to   space 3072K, 0% used [0x00000000ebc00000,0x00000000ebc00000,0x00000000ebf00000)
 ParOldGen       total 68608K, used 35059K [0x00000000c0000000, 0x00000000c4300000, 0x00000000eab00000)
  object space 68608K, 51% used [0x00000000c0000000,0x00000000c223ccf8,0x00000000c4300000)
 Metaspace       used 58945K, committed 59776K, reserved 1105920K
  class space    used 6297K, committed 6720K, reserved 1048576K
}
Event: 41.281 GC heap after
{Heap after GC invocations=29 (full 3):
 PSYoungGen      total 17920K, used 0K [0x00000000eab00000, 0x00000000ec380000, 0x0000000100000000)
  eden space 17408K, 0% used [0x00000000eab00000,0x00000000eab00000,0x00000000ebc00000)
  from space 512K, 0% used [0x00000000ebf00000,0x00000000ebf00000,0x00000000ebf80000)
  to   space 3072K, 0% used [0x00000000ebc00000,0x00000000ebc00000,0x00000000ebf00000)
 ParOldGen       total 68608K, used 33123K [0x00000000c0000000, 0x00000000c4300000, 0x00000000eab00000)
  object space 68608K, 48% used [0x00000000c0000000,0x00000000c2058f58,0x00000000c4300000)
 Metaspace       used 58945K, committed 59776K, reserved 1105920K
  class space    used 6297K, committed 6720K, reserved 1048576K
}
Event: 42.362 GC heap before
{Heap before GC invocations=30 (full 3):
 PSYoungGen      total 17920K, used 17408K [0x00000000eab00000, 0x00000000ec380000, 0x0000000100000000)
  eden space 17408K, 100% used [0x00000000eab00000,0x00000000ebc00000,0x00000000ebc00000)
  from space 512K, 0% used [0x00000000ebf00000,0x00000000ebf00000,0x00000000ebf80000)
  to   space 3072K, 0% used [0x00000000ebc00000,0x00000000ebc00000,0x00000000ebf00000)
 ParOldGen       total 68608K, used 33123K [0x00000000c0000000, 0x00000000c4300000, 0x00000000eab00000)
  object space 68608K, 48% used [0x00000000c0000000,0x00000000c2058f58,0x00000000c4300000)
 Metaspace       used 60106K, committed 60992K, reserved 1105920K
  class space    used 6379K, committed 6784K, reserved 1048576K
}
Event: 42.367 GC heap after
{Heap after GC invocations=30 (full 3):
 PSYoungGen      total 19968K, used 2426K [0x00000000eab00000, 0x00000000ec100000, 0x0000000100000000)
  eden space 17408K, 0% used [0x00000000eab00000,0x00000000eab00000,0x00000000ebc00000)
  from space 2560K, 94% used [0x00000000ebc00000,0x00000000ebe5eac0,0x00000000ebe80000)
  to   space 2560K, 0% used [0x00000000ebe80000,0x00000000ebe80000,0x00000000ec100000)
 ParOldGen       total 68608K, used 33131K [0x00000000c0000000, 0x00000000c4300000, 0x00000000eab00000)
  object space 68608K, 48% used [0x00000000c0000000,0x00000000c205af58,0x00000000c4300000)
 Metaspace       used 60106K, committed 60992K, reserved 1105920K
  class space    used 6379K, committed 6784K, reserved 1048576K
}
Event: 43.741 GC heap before
{Heap before GC invocations=31 (full 3):
 PSYoungGen      total 19968K, used 19834K [0x00000000eab00000, 0x00000000ec100000, 0x0000000100000000)
  eden space 17408K, 100% used [0x00000000eab00000,0x00000000ebc00000,0x00000000ebc00000)
  from space 2560K, 94% used [0x00000000ebc00000,0x00000000ebe5eac0,0x00000000ebe80000)
  to   space 2560K, 0% used [0x00000000ebe80000,0x00000000ebe80000,0x00000000ec100000)
 ParOldGen       total 68608K, used 33131K [0x00000000c0000000, 0x00000000c4300000, 0x00000000eab00000)
  object space 68608K, 48% used [0x00000000c0000000,0x00000000c205af58,0x00000000c4300000)
 Metaspace       used 61268K, committed 62208K, reserved 1105920K
  class space    used 6494K, committed 6912K, reserved 1048576K
}
Event: 43.747 GC heap after
{Heap after GC invocations=31 (full 3):
 PSYoungGen      total 19968K, used 2026K [0x00000000eab00000, 0x00000000ec100000, 0x0000000100000000)
  eden space 17408K, 0% used [0x00000000eab00000,0x00000000eab00000,0x00000000ebc00000)
  from space 2560K, 79% used [0x00000000ebe80000,0x00000000ec07a828,0x00000000ec100000)
  to   space 2560K, 0% used [0x00000000ebc00000,0x00000000ebc00000,0x00000000ebe80000)
 ParOldGen       total 68608K, used 35276K [0x00000000c0000000, 0x00000000c4300000, 0x00000000eab00000)
  object space 68608K, 51% used [0x00000000c0000000,0x00000000c2273100,0x00000000c4300000)
 Metaspace       used 61268K, committed 62208K, reserved 1105920K
  class space    used 6494K, committed 6912K, reserved 1048576K
}
Event: 44.836 GC heap before
{Heap before GC invocations=32 (full 3):
 PSYoungGen      total 19968K, used 19434K [0x00000000eab00000, 0x00000000ec100000, 0x0000000100000000)
  eden space 17408K, 100% used [0x00000000eab00000,0x00000000ebc00000,0x00000000ebc00000)
  from space 2560K, 79% used [0x00000000ebe80000,0x00000000ec07a828,0x00000000ec100000)
  to   space 2560K, 0% used [0x00000000ebc00000,0x00000000ebc00000,0x00000000ebe80000)
 ParOldGen       total 68608K, used 35276K [0x00000000c0000000, 0x00000000c4300000, 0x00000000eab00000)
  object space 68608K, 51% used [0x00000000c0000000,0x00000000c2273100,0x00000000c4300000)
 Metaspace       used 63037K, committed 64000K, reserved 1105920K
  class space    used 6646K, committed 7104K, reserved 1048576K
}
Event: 44.841 GC heap after
{Heap after GC invocations=32 (full 3):
 PSYoungGen      total 19968K, used 2546K [0x00000000eab00000, 0x00000000ec600000, 0x0000000100000000)
  eden space 17408K, 0% used [0x00000000eab00000,0x00000000eab00000,0x00000000ebc00000)
  from space 2560K, 99% used [0x00000000ebc00000,0x00000000ebe7c920,0x00000000ebe80000)
  to   space 5120K, 0% used [0x00000000ec100000,0x00000000ec100000,0x00000000ec600000)
 ParOldGen       total 68608K, used 37280K [0x00000000c0000000, 0x00000000c4300000, 0x00000000eab00000)
  object space 68608K, 54% used [0x00000000c0000000,0x00000000c2468158,0x00000000c4300000)
 Metaspace       used 63037K, committed 64000K, reserved 1105920K
  class space    used 6646K, committed 7104K, reserved 1048576K
}
Event: 45.261 GC heap before
{Heap before GC invocations=33 (full 3):
 PSYoungGen      total 19968K, used 19323K [0x00000000eab00000, 0x00000000ec600000, 0x0000000100000000)
  eden space 17408K, 96% used [0x00000000eab00000,0x00000000ebb622e8,0x00000000ebc00000)
  from space 2560K, 99% used [0x00000000ebc00000,0x00000000ebe7c920,0x00000000ebe80000)
  to   space 5120K, 0% used [0x00000000ec100000,0x00000000ec100000,0x00000000ec600000)
 ParOldGen       total 68608K, used 37280K [0x00000000c0000000, 0x00000000c4300000, 0x00000000eab00000)
  object space 68608K, 54% used [0x00000000c0000000,0x00000000c2468158,0x00000000c4300000)
 Metaspace       used 63550K, committed 64512K, reserved 1114112K
  class space    used 6706K, committed 7168K, reserved 1048576K
}
Event: 45.269 GC heap after
{Heap after GC invocations=33 (full 3):
 PSYoungGen      total 22528K, used 4817K [0x00000000eab00000, 0x00000000ec600000, 0x0000000100000000)
  eden space 17408K, 0% used [0x00000000eab00000,0x00000000eab00000,0x00000000ebc00000)
  from space 5120K, 94% used [0x00000000ec100000,0x00000000ec5b4768,0x00000000ec600000)
  to   space 5120K, 0% used [0x00000000ebc00000,0x00000000ebc00000,0x00000000ec100000)
 ParOldGen       total 68608K, used 39689K [0x00000000c0000000, 0x00000000c4300000, 0x00000000eab00000)
  object space 68608K, 57% used [0x00000000c0000000,0x00000000c26c26b0,0x00000000c4300000)
 Metaspace       used 63550K, committed 64512K, reserved 1114112K
  class space    used 6706K, committed 7168K, reserved 1048576K
}
Event: 45.587 GC heap before
{Heap before GC invocations=34 (full 3):
 PSYoungGen      total 22528K, used 20813K [0x00000000eab00000, 0x00000000ec600000, 0x0000000100000000)
  eden space 17408K, 91% used [0x00000000eab00000,0x00000000eba9ecc0,0x00000000ebc00000)
  from space 5120K, 94% used [0x00000000ec100000,0x00000000ec5b4768,0x00000000ec600000)
  to   space 5120K, 0% used [0x00000000ebc00000,0x00000000ebc00000,0x00000000ec100000)
 ParOldGen       total 68608K, used 39689K [0x00000000c0000000, 0x00000000c4300000, 0x00000000eab00000)
  object space 68608K, 57% used [0x00000000c0000000,0x00000000c26c26b0,0x00000000c4300000)
 Metaspace       used 63929K, committed 64832K, reserved 1114112K
  class space    used 6732K, committed 7168K, reserved 1048576K
}
Event: 45.592 GC heap after
{Heap after GC invocations=34 (full 3):
 PSYoungGen      total 20992K, used 3465K [0x00000000eab00000, 0x00000000ec400000, 0x0000000100000000)
  eden space 17408K, 0% used [0x00000000eab00000,0x00000000eab00000,0x00000000ebc00000)
  from space 3584K, 96% used [0x00000000ebc00000,0x00000000ebf626b0,0x00000000ebf80000)
  to   space 4096K, 0% used [0x00000000ec000000,0x00000000ec000000,0x00000000ec400000)
 ParOldGen       total 68608K, used 41853K [0x00000000c0000000, 0x00000000c4300000, 0x00000000eab00000)
  object space 68608K, 61% used [0x00000000c0000000,0x00000000c28df548,0x00000000c4300000)
 Metaspace       used 63929K, committed 64832K, reserved 1114112K
  class space    used 6732K, committed 7168K, reserved 1048576K
}
Event: 46.345 GC heap before
{Heap before GC invocations=35 (full 3):
 PSYoungGen      total 20992K, used 20873K [0x00000000eab00000, 0x00000000ec400000, 0x0000000100000000)
  eden space 17408K, 100% used [0x00000000eab00000,0x00000000ebc00000,0x00000000ebc00000)
  from space 3584K, 96% used [0x00000000ebc00000,0x00000000ebf626b0,0x00000000ebf80000)
  to   space 4096K, 0% used [0x00000000ec000000,0x00000000ec000000,0x00000000ec400000)
 ParOldGen       total 68608K, used 41853K [0x00000000c0000000, 0x00000000c4300000, 0x00000000eab00000)
  object space 68608K, 61% used [0x00000000c0000000,0x00000000c28df548,0x00000000c4300000)
 Metaspace       used 65181K, committed 66176K, reserved 1114112K
  class space    used 6877K, committed 7296K, reserved 1048576K
}
Event: 46.350 GC heap after
{Heap after GC invocations=35 (full 3):
 PSYoungGen      total 18944K, used 1277K [0x00000000eab00000, 0x00000000ec180000, 0x0000000100000000)
  eden space 17408K, 0% used [0x00000000eab00000,0x00000000eab00000,0x00000000ebc00000)
  from space 1536K, 83% used [0x00000000ec000000,0x00000000ec13f7d8,0x00000000ec180000)
  to   space 2560K, 0% used [0x00000000ebc80000,0x00000000ebc80000,0x00000000ebf00000)
 ParOldGen       total 68608K, used 43690K [0x00000000c0000000, 0x00000000c4300000, 0x00000000eab00000)
  object space 68608K, 63% used [0x00000000c0000000,0x00000000c2aaa928,0x00000000c4300000)
 Metaspace       used 65181K, committed 66176K, reserved 1114112K
  class space    used 6877K, committed 7296K, reserved 1048576K
}

